<?xml version="1.0" encoding="UTF-8"?>
<!-- Generated by org.testng.reporters.JUnitReportReporter -->
<testsuite hostname="POOLW42SLPC6218" failures="0" tests="3" name="TestCase.ApiTestCase" time="4.405" errors="0" timestamp="2022-11-28T11:46:59 IST" skipped="0">
  <testcase classname="TestCase.ApiTestCase" name="loginuser" time="3.682"/>
  <system-out/>
  <testcase classname="TestCase.ApiTestCase" name="GeneralSetting" time="0.344"/>
  <system-out/>
  <testcase classname="TestCase.ApiTestCase" name="getBanner" time="0.379"/>
  <system-out/>
</testsuite> <!-- TestCase.ApiTestCase -->
