<?xml version="1.0" encoding="UTF-8"?>
<!-- Generated by org.testng.reporters.JUnitReportReporter -->
<testsuite hostname="POOLW42SLPC6218" failures="0" tests="1" name="TestCase.PostCommand" time="2.770" errors="0" timestamp="2022-12-09T17:10:57 IST" skipped="0">
  <testcase classname="TestCase.PostCommand" name="loginuser" time="2.770"/>
  <system-out/>
</testsuite> <!-- TestCase.PostCommand -->
